2022-04-19 01:59:38,074 : INFO : launching ARGoS
2022-04-19 01:59:38,074 : INFO : Argos server launched
2022-04-19 01:59:38,074 : INFO : connecting to ARGoS
2022-04-19 01:59:38,074 : INFO : Crazyflie server launched
2022-04-19 01:59:38,075 : INFO : app launched
2022-04-19 01:59:38,078 : INFO : Looking for devices....
2022-04-19 01:59:38,078 : INFO :  * Running on http://127.0.0.1:5000/ (Press CTRL+C to quit)
2022-04-19 01:59:38,078 : INFO : Initialized PRRT driver.
2022-04-19 01:59:38,079 : INFO : Looking for devices....
2022-04-19 01:59:38,079 : INFO : Initialized PRRT driver.
2022-04-19 01:59:38,079 : INFO : Looking for devices....
2022-04-19 01:59:38,079 : INFO : Initialized PRRT driver.
2022-04-19 01:59:38,080 : INFO : Looking for devices....
2022-04-19 01:59:38,080 : INFO : Initialized PRRT driver.
2022-04-19 01:59:38,080 : INFO : getting drones.................
2022-04-19 01:59:38,080 : INFO : No drones found nearby. Retrying in 5 seconds.
2022-04-19 01:59:43,085 : INFO : Looking for devices....
2022-04-19 01:59:43,087 : INFO : Initialized PRRT driver.
2022-04-19 01:59:43,088 : INFO : Looking for devices....
2022-04-19 01:59:43,091 : INFO : Initialized PRRT driver.
2022-04-19 01:59:43,093 : INFO : Looking for devices....
2022-04-19 01:59:43,094 : INFO : Initialized PRRT driver.
2022-04-19 01:59:43,095 : INFO : Looking for devices....
2022-04-19 01:59:43,097 : INFO : Initialized PRRT driver.
2022-04-19 01:59:43,098 : INFO : getting drones.................
2022-04-19 01:59:43,098 : INFO : No drones found nearby. Retrying in 5 seconds.
2022-04-19 01:59:48,102 : INFO : Looking for devices....
2022-04-19 01:59:48,103 : INFO : Initialized PRRT driver.
2022-04-19 01:59:48,105 : INFO : Looking for devices....
2022-04-19 01:59:48,108 : INFO : Initialized PRRT driver.
2022-04-19 01:59:48,110 : INFO : Looking for devices....
2022-04-19 01:59:48,111 : INFO : Initialized PRRT driver.
2022-04-19 01:59:48,113 : INFO : Looking for devices....
2022-04-19 01:59:48,116 : INFO : Initialized PRRT driver.
2022-04-19 01:59:48,116 : INFO : getting drones.................
2022-04-19 01:59:48,116 : INFO : No drones found nearby. Retrying in 5 seconds.
2022-04-19 01:59:48,906 : INFO : 127.0.0.1 - - [19/Apr/2022 01:59:48] "GET /realMapData HTTP/1.1" 200 -
2022-04-19 01:59:48,942 : INFO : 127.0.0.1 - - [19/Apr/2022 01:59:48] "GET /logs HTTP/1.1" 200 -
2022-04-19 01:59:48,945 : INFO : 127.0.0.1 - - [19/Apr/2022 01:59:48] "GET /crazyflieData HTTP/1.1" 200 -
2022-04-19 01:59:53,121 : INFO : Looking for devices....
2022-04-19 01:59:53,123 : INFO : Initialized PRRT driver.
2022-04-19 01:59:53,126 : INFO : Looking for devices....
2022-04-19 01:59:53,127 : INFO : Initialized PRRT driver.
2022-04-19 01:59:53,129 : INFO : Looking for devices....
2022-04-19 01:59:53,130 : INFO : Initialized PRRT driver.
2022-04-19 01:59:53,133 : INFO : Looking for devices....
2022-04-19 01:59:53,134 : INFO : Initialized PRRT driver.
2022-04-19 01:59:53,134 : INFO : getting drones.................
2022-04-19 01:59:53,134 : INFO : No drones found nearby. Retrying in 5 seconds.
2022-04-19 01:59:58,136 : INFO : Looking for devices....
2022-04-19 01:59:58,137 : INFO : Initialized PRRT driver.
2022-04-19 01:59:58,137 : INFO : Looking for devices....
2022-04-19 01:59:58,138 : INFO : Initialized PRRT driver.
2022-04-19 01:59:58,138 : INFO : Looking for devices....
2022-04-19 01:59:58,139 : INFO : Initialized PRRT driver.
2022-04-19 01:59:58,139 : INFO : Looking for devices....
2022-04-19 01:59:58,140 : INFO : Initialized PRRT driver.
2022-04-19 01:59:58,140 : INFO : getting drones.................
2022-04-19 01:59:58,140 : INFO : No drones found nearby. Retrying in 5 seconds.
2022-04-19 02:00:03,147 : INFO : Looking for devices....
2022-04-19 02:00:03,148 : INFO : Initialized PRRT driver.
2022-04-19 02:00:03,149 : INFO : Looking for devices....
2022-04-19 02:00:03,151 : INFO : Initialized PRRT driver.
2022-04-19 02:00:03,153 : INFO : Looking for devices....
2022-04-19 02:00:03,154 : INFO : Initialized PRRT driver.
2022-04-19 02:00:03,156 : INFO : Looking for devices....
2022-04-19 02:00:03,157 : INFO : Initialized PRRT driver.
2022-04-19 02:00:03,157 : INFO : getting drones.................
2022-04-19 02:00:03,157 : INFO : No drones found nearby. Retrying in 5 seconds.
2022-04-19 02:00:08,161 : INFO : Looking for devices....
2022-04-19 02:00:08,164 : INFO : Initialized PRRT driver.
2022-04-19 02:00:08,166 : INFO : Looking for devices....
2022-04-19 02:00:08,168 : INFO : Initialized PRRT driver.
2022-04-19 02:00:08,170 : INFO : Looking for devices....
2022-04-19 02:00:08,172 : INFO : Initialized PRRT driver.
2022-04-19 02:00:08,173 : INFO : Looking for devices....
2022-04-19 02:00:08,174 : INFO : Initialized PRRT driver.
2022-04-19 02:00:08,174 : INFO : getting drones.................
2022-04-19 02:00:08,174 : INFO : No drones found nearby. Retrying in 5 seconds.
2022-04-19 02:00:13,178 : INFO : Looking for devices....
2022-04-19 02:00:13,179 : INFO : Initialized PRRT driver.
2022-04-19 02:00:13,181 : INFO : Looking for devices....
2022-04-19 02:00:13,183 : INFO : Initialized PRRT driver.
2022-04-19 02:00:13,183 : INFO : Looking for devices....
2022-04-19 02:00:13,184 : INFO : Initialized PRRT driver.
2022-04-19 02:00:13,185 : INFO : Looking for devices....
2022-04-19 02:00:13,186 : INFO : Initialized PRRT driver.
2022-04-19 02:00:13,186 : INFO : getting drones.................
2022-04-19 02:00:13,186 : INFO : No drones found nearby. Retrying in 5 seconds.
2022-04-19 02:00:18,189 : INFO : Looking for devices....
2022-04-19 02:00:18,192 : INFO : Initialized PRRT driver.
2022-04-19 02:00:18,193 : INFO : Looking for devices....
2022-04-19 02:00:18,194 : INFO : Initialized PRRT driver.
2022-04-19 02:00:18,195 : INFO : Looking for devices....
2022-04-19 02:00:18,196 : INFO : Initialized PRRT driver.
2022-04-19 02:00:18,199 : INFO : Looking for devices....
2022-04-19 02:00:18,200 : INFO : Initialized PRRT driver.
2022-04-19 02:00:18,200 : INFO : getting drones.................
2022-04-19 02:00:18,201 : INFO : No drones found nearby. Retrying in 5 seconds.
2022-04-19 02:00:23,206 : INFO : Looking for devices....
2022-04-19 02:00:23,208 : INFO : Initialized PRRT driver.
2022-04-19 02:00:23,209 : INFO : Looking for devices....
2022-04-19 02:00:23,211 : INFO : Initialized PRRT driver.
2022-04-19 02:00:23,213 : INFO : Looking for devices....
2022-04-19 02:00:23,215 : INFO : Initialized PRRT driver.
2022-04-19 02:00:23,220 : INFO : Looking for devices....
2022-04-19 02:00:23,222 : INFO : Initialized PRRT driver.
2022-04-19 02:00:23,226 : INFO : getting drones.................
2022-04-19 02:00:23,227 : INFO : No drones found nearby. Retrying in 5 seconds.
2022-04-19 02:00:28,234 : INFO : Looking for devices....
2022-04-19 02:00:28,235 : INFO : Initialized PRRT driver.
2022-04-19 02:00:28,236 : INFO : Looking for devices....
2022-04-19 02:00:28,238 : INFO : Initialized PRRT driver.
2022-04-19 02:00:28,239 : INFO : Looking for devices....
2022-04-19 02:00:28,241 : INFO : Initialized PRRT driver.
2022-04-19 02:00:28,242 : INFO : Looking for devices....
2022-04-19 02:00:28,243 : INFO : Initialized PRRT driver.
2022-04-19 02:00:28,244 : INFO : getting drones.................
2022-04-19 02:00:28,244 : INFO : No drones found nearby. Retrying in 5 seconds.
2022-04-19 02:00:33,249 : INFO : Looking for devices....
2022-04-19 02:00:33,249 : INFO : Initialized PRRT driver.
2022-04-19 02:00:33,250 : INFO : Looking for devices....
2022-04-19 02:00:33,251 : INFO : Initialized PRRT driver.
2022-04-19 02:00:33,251 : INFO : Looking for devices....
2022-04-19 02:00:33,252 : INFO : Initialized PRRT driver.
2022-04-19 02:00:33,252 : INFO : Looking for devices....
2022-04-19 02:00:33,253 : INFO : Initialized PRRT driver.
2022-04-19 02:00:33,253 : INFO : getting drones.................
2022-04-19 02:00:33,253 : INFO : No drones found nearby. Retrying in 5 seconds.
